<?xml version="1.0" encoding="UTF-8"?>
<!-- Generated by org.testng.reporters.JUnitReportReporter -->
<testsuite hostname="ASTLPTBYOD047" failures="0" tests="1" name="restassuredapi.ReqresAPI" time="6.274" errors="0" timestamp="2024-09-27T19:27:24 IST" skipped="0">
  <testcase classname="restassuredapi.ReqresAPI" name="Validate" time="6.274"/>
</testsuite> <!-- restassuredapi.ReqresAPI -->
