<?xml version="1.0" encoding="UTF-8"?>
<!-- Generated by org.testng.reporters.JUnitReportReporter -->
<testsuite hostname="ASTLPTBYOD047" failures="0" tests="1" name="org.excel.IPTDataDriven.FacebookAssert" time="57.992" errors="0" timestamp="2024-09-13T19:32:51 IST" skipped="0">
  <testcase classname="org.excel.IPTDataDriven.FacebookAssert" name="invoke" time="57.992"/>
</testsuite> <!-- org.excel.IPTDataDriven.FacebookAssert -->
